[0m12:57:36.757440 [debug] [MainThread]: Sending event: {'category': 'dbt', 'action': 'invocation', 'label': 'start', 'context': [<snowplow_tracker.self_describing_json.SelfDescribingJson object at 0x762c99623830>, <snowplow_tracker.self_describing_json.SelfDescribingJson object at 0x762c97e2db20>, <snowplow_tracker.self_describing_json.SelfDescribingJson object at 0x762c975db650>]}


============================== 12:57:36.765686 | 67a6b7ce-7e34-489f-b77b-3424177f0eb1 ==============================
[0m12:57:36.765686 [info ] [MainThread]: Running with dbt=1.8.7
[0m12:57:36.767940 [debug] [MainThread]: running dbt with arguments {'printer_width': '80', 'indirect_selection': 'eager', 'log_cache_events': 'False', 'write_json': 'True', 'partial_parse': 'True', 'cache_selected_only': 'False', 'profiles_dir': '/home/elisha-a/.dbt', 'version_check': 'True', 'debug': 'False', 'log_path': 'logs', 'warn_error': 'None', 'fail_fast': 'False', 'use_colors': 'True', 'use_experimental_parser': 'False', 'empty': 'None', 'quiet': 'False', 'no_print': 'None', 'warn_error_options': 'WarnErrorOptions(include=[], exclude=[])', 'static_parser': 'True', 'introspect': 'True', 'invocation_command': 'dbt init data_transform', 'target_path': 'None', 'log_format': 'default', 'send_anonymous_usage_stats': 'True'}
[0m12:57:36.810191 [debug] [MainThread]: Starter project path: /home/elisha-a/Desktop/week7/myenv/lib/python3.12/site-packages/dbt/include/starter_project
[0m12:57:36.826276 [info ] [MainThread]: 
Your new dbt project "data_transform" was created!

For more information on how to configure the profiles.yml file,
please consult the dbt documentation here:

  https://docs.getdbt.com/docs/configure-your-profile

One more thing:

Need help? Don't hesitate to reach out to us via GitHub issues or on Slack:

  https://community.getdbt.com/

Happy modeling!

[0m12:57:36.829094 [info ] [MainThread]: Setting up your profile.
[0m12:58:27.644650 [info ] [MainThread]: Profile data_transform written to /home/elisha-a/.dbt/profiles.yml using target's profile_template.yml and your supplied values. Run 'dbt debug' to validate the connection.
[0m12:58:27.651321 [debug] [MainThread]: Resource report: {"command_name": "init", "command_success": true, "command_wall_clock_time": 51.040653, "process_user_time": 4.850495, "process_kernel_time": 0.364661, "process_mem_max_rss": "90868", "process_in_blocks": "48", "process_out_blocks": "80"}
[0m12:58:27.656370 [debug] [MainThread]: Command `dbt init` succeeded at 12:58:27.655475 after 51.05 seconds
[0m12:58:27.659693 [debug] [MainThread]: Sending event: {'category': 'dbt', 'action': 'invocation', 'label': 'end', 'context': [<snowplow_tracker.self_describing_json.SelfDescribingJson object at 0x762c972af620>, <snowplow_tracker.self_describing_json.SelfDescribingJson object at 0x762c9720e900>, <snowplow_tracker.self_describing_json.SelfDescribingJson object at 0x762c9720c7d0>]}
[0m12:58:27.663182 [debug] [MainThread]: Flushing usage events
[0m13:08:00.399359 [debug] [MainThread]: Sending event: {'category': 'dbt', 'action': 'invocation', 'label': 'start', 'context': [<snowplow_tracker.self_describing_json.SelfDescribingJson object at 0x7549e994ce90>, <snowplow_tracker.self_describing_json.SelfDescribingJson object at 0x7549e91e4140>, <snowplow_tracker.self_describing_json.SelfDescribingJson object at 0x7549e95ff410>]}


============================== 13:08:00.407670 | bd4ddfec-c58f-49e6-9f9e-1efef7e75baa ==============================
[0m13:08:00.407670 [info ] [MainThread]: Running with dbt=1.8.7
[0m13:08:00.410012 [debug] [MainThread]: running dbt with arguments {'printer_width': '80', 'indirect_selection': 'eager', 'log_cache_events': 'False', 'write_json': 'True', 'partial_parse': 'True', 'cache_selected_only': 'False', 'profiles_dir': '/home/elisha-a/.dbt', 'debug': 'False', 'version_check': 'True', 'log_path': 'logs', 'fail_fast': 'False', 'warn_error': 'None', 'use_colors': 'True', 'use_experimental_parser': 'False', 'no_print': 'None', 'quiet': 'False', 'empty': 'False', 'warn_error_options': 'WarnErrorOptions(include=[], exclude=[])', 'introspect': 'True', 'static_parser': 'True', 'invocation_command': 'dbt run', 'target_path': 'None', 'log_format': 'default', 'send_anonymous_usage_stats': 'True'}
[0m13:08:00.413098 [error] [MainThread]: Encountered an error:
Runtime Error
  No dbt_project.yml found at expected path /home/elisha-a/Desktop/week7/etl_project/dbt_project.yml
  Verify that each entry within packages.yml (and their transitive dependencies) contains a file named dbt_project.yml
  
[0m13:08:00.417190 [debug] [MainThread]: Resource report: {"command_name": "run", "command_wall_clock_time": 0.20593704, "process_user_time": 4.597107, "process_kernel_time": 0.373602, "process_mem_max_rss": "85900", "process_out_blocks": "16", "command_success": false, "process_in_blocks": "0"}
[0m13:08:00.419367 [debug] [MainThread]: Command `dbt run` failed at 13:08:00.418893 after 0.21 seconds
[0m13:08:00.421123 [debug] [MainThread]: Sending event: {'category': 'dbt', 'action': 'invocation', 'label': 'end', 'context': [<snowplow_tracker.self_describing_json.SelfDescribingJson object at 0x7549e9446f00>, <snowplow_tracker.self_describing_json.SelfDescribingJson object at 0x7549ec94fa70>, <snowplow_tracker.self_describing_json.SelfDescribingJson object at 0x7549e90903e0>]}
[0m13:08:00.423170 [debug] [MainThread]: Flushing usage events
[0m21:45:46.655911 [debug] [MainThread]: Sending event: {'category': 'dbt', 'action': 'invocation', 'label': 'start', 'context': [<snowplow_tracker.self_describing_json.SelfDescribingJson object at 0x7c4ff23c4320>, <snowplow_tracker.self_describing_json.SelfDescribingJson object at 0x7c4ff4195a90>, <snowplow_tracker.self_describing_json.SelfDescribingJson object at 0x7c4ff2051a00>]}


============================== 21:45:46.674845 | 54c99bea-95c8-4712-a7f5-2459c4b069ae ==============================
[0m21:45:46.674845 [info ] [MainThread]: Running with dbt=1.8.7
[0m21:45:46.679031 [debug] [MainThread]: running dbt with arguments {'printer_width': '80', 'indirect_selection': 'eager', 'write_json': 'True', 'log_cache_events': 'False', 'partial_parse': 'True', 'cache_selected_only': 'False', 'profiles_dir': '/home/elisha-a/.dbt', 'version_check': 'True', 'fail_fast': 'False', 'log_path': 'logs', 'warn_error': 'None', 'debug': 'False', 'use_colors': 'True', 'use_experimental_parser': 'False', 'empty': 'False', 'quiet': 'False', 'no_print': 'None', 'warn_error_options': 'WarnErrorOptions(include=[], exclude=[])', 'invocation_command': 'dbt run', 'static_parser': 'True', 'log_format': 'default', 'target_path': 'None', 'introspect': 'True', 'send_anonymous_usage_stats': 'True'}
[0m21:45:46.683026 [error] [MainThread]: Encountered an error:
Runtime Error
  No dbt_project.yml found at expected path /home/elisha-a/Desktop/week7/etl_project/dbt_project.yml
  Verify that each entry within packages.yml (and their transitive dependencies) contains a file named dbt_project.yml
  
[0m21:45:46.688981 [debug] [MainThread]: Resource report: {"command_name": "run", "command_wall_clock_time": 0.3039193, "process_user_time": 6.781201, "process_kernel_time": 0.668202, "process_mem_max_rss": "85692", "process_in_blocks": "38944", "process_out_blocks": "8", "command_success": false}
[0m21:45:46.693668 [debug] [MainThread]: Command `dbt run` failed at 21:45:46.692813 after 0.31 seconds
[0m21:45:46.696881 [debug] [MainThread]: Sending event: {'category': 'dbt', 'action': 'invocation', 'label': 'end', 'context': [<snowplow_tracker.self_describing_json.SelfDescribingJson object at 0x7c4ff2051a00>, <snowplow_tracker.self_describing_json.SelfDescribingJson object at 0x7c4ff1ff3fb0>, <snowplow_tracker.self_describing_json.SelfDescribingJson object at 0x7c4ff1d60c20>]}
[0m21:45:46.700140 [debug] [MainThread]: Flushing usage events
[0m19:44:04.792838 [debug] [MainThread]: Sending event: {'category': 'dbt', 'action': 'invocation', 'label': 'start', 'context': [<snowplow_tracker.self_describing_json.SelfDescribingJson object at 0x7aeb24eb8d10>, <snowplow_tracker.self_describing_json.SelfDescribingJson object at 0x7aeb241db3b0>, <snowplow_tracker.self_describing_json.SelfDescribingJson object at 0x7aeb2387d070>]}


============================== 19:44:04.795644 | 4bb82c4f-43c2-4fa3-a86c-6220388eb4d6 ==============================
[0m19:44:04.795644 [info ] [MainThread]: Running with dbt=1.8.7
[0m19:44:04.798480 [debug] [MainThread]: running dbt with arguments {'printer_width': '80', 'indirect_selection': 'eager', 'write_json': 'True', 'log_cache_events': 'False', 'partial_parse': 'True', 'cache_selected_only': 'False', 'warn_error': 'None', 'fail_fast': 'False', 'version_check': 'True', 'log_path': 'logs', 'debug': 'False', 'profiles_dir': '/home/elisha-a/.dbt', 'use_colors': 'True', 'use_experimental_parser': 'False', 'no_print': 'None', 'quiet': 'False', 'empty': 'False', 'warn_error_options': 'WarnErrorOptions(include=[], exclude=[])', 'invocation_command': 'dbt run', 'introspect': 'True', 'static_parser': 'True', 'target_path': 'None', 'log_format': 'default', 'send_anonymous_usage_stats': 'True'}
[0m19:44:04.800876 [error] [MainThread]: Encountered an error:
Runtime Error
  No dbt_project.yml found at expected path /home/elisha-a/Desktop/week7/etl_project/dbt_project.yml
  Verify that each entry within packages.yml (and their transitive dependencies) contains a file named dbt_project.yml
  
[0m19:44:04.804429 [debug] [MainThread]: Resource report: {"command_name": "run", "command_wall_clock_time": 0.059623055, "process_user_time": 1.2506, "process_kernel_time": 0.107793, "process_mem_max_rss": "86060", "process_in_blocks": "256", "process_out_blocks": "16", "command_success": false}
[0m19:44:04.806308 [debug] [MainThread]: Command `dbt run` failed at 19:44:04.805993 after 0.06 seconds
[0m19:44:04.807733 [debug] [MainThread]: Sending event: {'category': 'dbt', 'action': 'invocation', 'label': 'end', 'context': [<snowplow_tracker.self_describing_json.SelfDescribingJson object at 0x7aeb244c1f40>, <snowplow_tracker.self_describing_json.SelfDescribingJson object at 0x7aeb24eb8d10>, <snowplow_tracker.self_describing_json.SelfDescribingJson object at 0x7aeb23836e40>]}
[0m19:44:04.808892 [debug] [MainThread]: Flushing usage events
